2025-12-25 12:43:54,222 - Olivetti - INFO - ai_gateway.py not found, using inline implementations
2025-12-25 12:43:54,336 - Olivetti - INFO - Performance monitoring and rate limiting initialized
2025-12-25 12:43:54,337 - Olivetti - INFO - Successfully loaded from primary autosave: autosave/olivetti_state.json
2025-12-25 12:43:54,341 - Olivetti - INFO - Successfully initialized workspace with 0 projects
2025-12-25 15:33:47,026 - Olivetti - INFO - ai_gateway.py not found, using inline implementations
2025-12-25 15:33:47,263 - Olivetti - INFO - Performance monitoring and rate limiting initialized
2025-12-25 15:33:47,264 - Olivetti - INFO - Successfully loaded from primary autosave: autosave/olivetti_state.json
2025-12-25 15:33:47,268 - Olivetti - INFO - Successfully initialized workspace with 0 projects
2025-12-25 15:33:48,148 - Olivetti - INFO - Autosave completed (0 projects, 5 bytes)
2025-12-25 15:36:46,147 - Olivetti - INFO - Performance monitoring and rate limiting initialized
2025-12-25 15:36:46,152 - Olivetti - INFO - Successfully loaded from primary autosave: autosave/olivetti_state.json
2025-12-25 15:36:46,154 - Olivetti - INFO - Successfully initialized workspace with 0 projects
2025-12-25 15:42:39,977 - Olivetti - INFO - Performance monitoring and rate limiting initialized
2025-12-25 15:42:39,982 - Olivetti - INFO - Successfully loaded from primary autosave: autosave/olivetti_state.json
2025-12-25 15:42:39,987 - Olivetti - INFO - Successfully initialized workspace with 0 projects
2025-12-25 15:42:40,538 - Olivetti - INFO - Autosave completed (0 projects, 5 bytes)
2025-12-25 15:52:46,736 - Olivetti - INFO - Performance monitoring and rate limiting initialized
2025-12-25 15:52:46,739 - Olivetti - INFO - Successfully loaded from primary autosave: autosave/olivetti_state.json
2025-12-25 15:52:46,743 - Olivetti - INFO - Successfully initialized workspace with 0 projects
2025-12-25 15:52:47,077 - Olivetti - INFO - Autosave completed (0 projects, 5 bytes)
2025-12-25 15:52:51,162 - Olivetti - INFO - Performance monitoring and rate limiting initialized
2025-12-25 15:52:51,166 - Olivetti - INFO - Successfully loaded from primary autosave: autosave/olivetti_state.json
2025-12-25 15:52:51,171 - Olivetti - INFO - Successfully initialized workspace with 0 projects
2025-12-25 15:55:46,551 - Olivetti - INFO - Performance monitoring and rate limiting initialized
2025-12-25 15:55:46,568 - Olivetti - INFO - Successfully loaded from primary autosave: autosave/olivetti_state.json
2025-12-25 15:55:46,571 - Olivetti - INFO - Successfully initialized workspace with 0 projects
2025-12-25 15:59:48,105 - Olivetti - INFO - Performance monitoring and rate limiting initialized
2025-12-25 15:59:48,112 - Olivetti - INFO - Successfully loaded from primary autosave: autosave/olivetti_state.json
2025-12-25 15:59:48,114 - Olivetti - INFO - Successfully initialized workspace with 0 projects
2025-12-25 15:59:50,263 - Olivetti - INFO - Performance monitoring and rate limiting initialized
2025-12-25 15:59:50,263 - Olivetti - INFO - Successfully loaded from primary autosave: autosave/olivetti_state.json
2025-12-25 15:59:50,265 - Olivetti - INFO - Successfully initialized workspace with 0 projects
2025-12-25 16:01:04,317 - Olivetti - INFO - Performance monitoring and rate limiting initialized
2025-12-25 16:01:04,318 - Olivetti - INFO - Successfully loaded from primary autosave: autosave/olivetti_state.json
2025-12-25 16:01:04,320 - Olivetti - INFO - Successfully initialized workspace with 0 projects
2025-12-25 16:38:53,752 - Olivetti - INFO - Performance monitoring and rate limiting initialized
2025-12-25 16:38:53,758 - Olivetti - INFO - Successfully loaded from primary autosave: autosave/olivetti_state.json
2025-12-25 16:38:53,764 - Olivetti - INFO - Successfully initialized workspace with 0 projects
2025-12-25 16:38:54,054 - Olivetti - INFO - Autosave completed (0 projects, 5 bytes)
2025-12-25 16:39:08,038 - Olivetti - INFO - Performance monitoring and rate limiting initialized
2025-12-25 16:39:08,042 - Olivetti - INFO - Successfully loaded from primary autosave: autosave/olivetti_state.json
2025-12-25 16:39:08,045 - Olivetti - INFO - Successfully initialized workspace with 0 projects
2025-12-25 16:49:20,036 - Olivetti - INFO - Performance monitoring and rate limiting initialized
2025-12-25 16:49:20,037 - Olivetti - INFO - Successfully loaded from primary autosave: autosave/olivetti_state.json
2025-12-25 16:49:20,038 - Olivetti - INFO - Successfully initialized workspace with 0 projects
2025-12-25 16:49:25,749 - Olivetti - INFO - Performance monitoring and rate limiting initialized
2025-12-25 16:49:25,750 - Olivetti - INFO - Successfully loaded from primary autosave: autosave/olivetti_state.json
2025-12-25 16:49:25,751 - Olivetti - INFO - Successfully initialized workspace with 0 projects
2025-12-25 16:49:45,500 - Olivetti - INFO - ai_gateway.py not found, using inline implementations
2025-12-25 16:49:45,620 - Olivetti - INFO - Performance monitoring and rate limiting initialized
2025-12-25 16:49:45,621 - Olivetti - INFO - Successfully loaded from primary autosave: autosave/olivetti_state.json
2025-12-25 16:49:45,624 - Olivetti - INFO - Successfully initialized workspace with 0 projects
2025-12-25 16:49:57,977 - Olivetti - INFO - ai_gateway.py not found, using inline implementations
2025-12-25 16:49:58,108 - Olivetti - INFO - Performance monitoring and rate limiting initialized
2025-12-25 16:49:58,109 - Olivetti - INFO - Successfully loaded from primary autosave: autosave/olivetti_state.json
2025-12-25 16:49:58,112 - Olivetti - INFO - Successfully initialized workspace with 0 projects
2025-12-25 16:52:24,115 - Olivetti - INFO - Performance monitoring and rate limiting initialized
2025-12-25 16:52:24,116 - Olivetti - INFO - Successfully loaded from primary autosave: autosave/olivetti_state.json
2025-12-25 16:52:24,120 - Olivetti - INFO - Successfully initialized workspace with 0 projects
2025-12-25 16:52:35,486 - Olivetti - INFO - Performance monitoring and rate limiting initialized
2025-12-25 16:52:35,487 - Olivetti - INFO - Successfully loaded from primary autosave: autosave/olivetti_state.json
2025-12-25 16:52:35,488 - Olivetti - INFO - Successfully initialized workspace with 0 projects
2025-12-25 16:52:52,166 - Olivetti - INFO - Performance monitoring and rate limiting initialized
2025-12-25 16:52:52,167 - Olivetti - INFO - Successfully loaded from primary autosave: autosave/olivetti_state.json
2025-12-25 16:52:52,168 - Olivetti - INFO - Successfully initialized workspace with 0 projects
2025-12-25 16:59:50,476 - Olivetti - INFO - ai_gateway.py not found, using inline implementations
2025-12-25 16:59:50,640 - Olivetti - INFO - Performance monitoring and rate limiting initialized
2025-12-25 16:59:50,640 - Olivetti - INFO - Successfully loaded from primary autosave: autosave/olivetti_state.json
2025-12-25 16:59:50,642 - Olivetti - INFO - Successfully initialized workspace with 0 projects
2025-12-25 17:04:18,466 - Olivetti - INFO - Performance monitoring and rate limiting initialized
2025-12-25 17:04:18,468 - Olivetti - INFO - Successfully loaded from primary autosave: autosave/olivetti_state.json
2025-12-25 17:04:18,476 - Olivetti - INFO - Successfully initialized workspace with 0 projects
2025-12-25 17:05:08,370 - Olivetti - INFO - ai_gateway.py not found, using inline implementations
2025-12-25 17:05:08,499 - Olivetti - INFO - Performance monitoring and rate limiting initialized
2025-12-25 17:05:08,502 - Olivetti - INFO - Successfully loaded from primary autosave: autosave/olivetti_state.json
2025-12-25 17:05:08,505 - Olivetti - INFO - Successfully initialized workspace with 0 projects
2025-12-25 17:06:55,115 - Olivetti - INFO - Performance monitoring and rate limiting initialized
2025-12-25 17:06:55,116 - Olivetti - INFO - Successfully loaded from primary autosave: autosave/olivetti_state.json
2025-12-25 17:06:55,117 - Olivetti - INFO - Successfully initialized workspace with 0 projects
2025-12-25 17:07:31,684 - Olivetti - INFO - Performance monitoring and rate limiting initialized
2025-12-25 17:07:31,685 - Olivetti - INFO - Successfully loaded from primary autosave: autosave/olivetti_state.json
2025-12-25 17:07:31,687 - Olivetti - INFO - Successfully initialized workspace with 0 projects
2025-12-25 17:08:34,062 - Olivetti - INFO - Performance monitoring and rate limiting initialized
2025-12-25 17:08:34,067 - Olivetti - INFO - Successfully loaded from primary autosave: autosave/olivetti_state.json
2025-12-25 17:08:34,082 - Olivetti - INFO - Successfully initialized workspace with 0 projects
2025-12-25 17:10:18,553 - Olivetti - INFO - ai_gateway.py not found, using inline implementations
2025-12-25 17:10:18,706 - Olivetti - INFO - Performance monitoring and rate limiting initialized
2025-12-25 17:10:18,707 - Olivetti - INFO - Successfully loaded from primary autosave: autosave/olivetti_state.json
2025-12-25 17:10:18,708 - Olivetti - INFO - Successfully initialized workspace with 0 projects
2025-12-25 17:10:30,498 - Olivetti - INFO - Performance monitoring and rate limiting initialized
2025-12-25 17:10:30,498 - Olivetti - INFO - Successfully loaded from primary autosave: autosave/olivetti_state.json
2025-12-25 17:10:30,500 - Olivetti - INFO - Successfully initialized workspace with 0 projects
2025-12-25 17:13:38,320 - Olivetti - INFO - Performance monitoring and rate limiting initialized
2025-12-25 17:13:38,322 - Olivetti - INFO - Successfully loaded from primary autosave: autosave/olivetti_state.json
2025-12-25 17:13:38,323 - Olivetti - INFO - Successfully initialized workspace with 0 projects
2025-12-25 17:35:34,926 - Olivetti - INFO - ai_gateway.py not found, using inline implementations
2025-12-25 17:35:35,402 - Olivetti - INFO - Performance monitoring and rate limiting initialized
2025-12-25 17:35:35,403 - Olivetti - INFO - Successfully loaded from primary autosave: autosave/olivetti_state.json
2025-12-25 17:35:35,416 - Olivetti - INFO - Successfully initialized workspace with 0 projects
2025-12-25 17:45:43,004 - Olivetti - INFO - Performance monitoring and rate limiting initialized
2025-12-25 17:45:43,005 - Olivetti - INFO - Successfully loaded from primary autosave: autosave/olivetti_state.json
2025-12-25 17:45:43,007 - Olivetti - INFO - Successfully initialized workspace with 0 projects
2025-12-25 17:45:51,283 - Olivetti - INFO - Performance monitoring and rate limiting initialized
2025-12-25 17:45:51,289 - Olivetti - INFO - Successfully loaded from primary autosave: autosave/olivetti_state.json
2025-12-25 17:45:51,293 - Olivetti - INFO - Successfully initialized workspace with 0 projects
2025-12-25 18:15:40,159 - Olivetti - INFO - ai_gateway.py not found, using inline implementations
2025-12-25 18:15:40,368 - Olivetti - INFO - Performance monitoring and rate limiting initialized
2025-12-25 18:15:40,370 - Olivetti - INFO - Successfully loaded from primary autosave: autosave/olivetti_state.json
2025-12-25 18:15:40,372 - Olivetti - INFO - Successfully initialized workspace with 0 projects
2025-12-25 18:15:52,126 - Olivetti - INFO - Performance monitoring and rate limiting initialized
2025-12-25 18:15:52,128 - Olivetti - INFO - Successfully loaded from primary autosave: autosave/olivetti_state.json
2025-12-25 18:15:52,129 - Olivetti - INFO - Successfully initialized workspace with 0 projects
2025-12-25 18:16:36,327 - Olivetti - INFO - Performance monitoring and rate limiting initialized
2025-12-25 18:16:36,331 - Olivetti - INFO - Successfully loaded from primary autosave: autosave/olivetti_state.json
2025-12-25 18:16:36,332 - Olivetti - INFO - Successfully initialized workspace with 0 projects
2025-12-25 18:22:45,198 - Olivetti - INFO - Performance monitoring and rate limiting initialized
2025-12-25 18:22:45,199 - Olivetti - INFO - Successfully loaded from primary autosave: autosave/olivetti_state.json
2025-12-25 18:22:45,200 - Olivetti - INFO - Successfully initialized workspace with 0 projects
2025-12-25 18:32:27,102 - Olivetti - INFO - Performance monitoring and rate limiting initialized
2025-12-25 18:32:27,102 - Olivetti - INFO - Successfully loaded from primary autosave: autosave/olivetti_state.json
2025-12-25 18:32:27,103 - Olivetti - INFO - Successfully initialized workspace with 0 projects
2025-12-25 18:40:12,979 - Olivetti - INFO - Performance monitoring and rate limiting initialized
2025-12-25 18:40:12,981 - Olivetti - INFO - Successfully loaded from primary autosave: autosave/olivetti_state.json
2025-12-25 18:40:12,982 - Olivetti - INFO - Successfully initialized workspace with 0 projects
2025-12-25 18:40:13,079 - Olivetti - INFO - Autosave completed (0 projects, 5 bytes)
2025-12-25 18:42:11,114 - Olivetti - INFO - Performance monitoring and rate limiting initialized
2025-12-25 18:42:11,115 - Olivetti - INFO - Successfully loaded from primary autosave: autosave/olivetti_state.json
2025-12-25 18:42:11,119 - Olivetti - INFO - Successfully initialized workspace with 0 projects
2025-12-25 18:42:28,364 - Olivetti - INFO - Performance monitoring and rate limiting initialized
2025-12-25 18:42:28,367 - Olivetti - INFO - Successfully loaded from primary autosave: autosave/olivetti_state.json
2025-12-25 18:42:28,367 - Olivetti - INFO - Successfully initialized workspace with 0 projects
2025-12-25 18:43:13,071 - Olivetti - INFO - Performance monitoring and rate limiting initialized
2025-12-25 18:43:13,073 - Olivetti - INFO - Successfully loaded from primary autosave: autosave/olivetti_state.json
2025-12-25 18:43:13,076 - Olivetti - INFO - Successfully initialized workspace with 0 projects
2025-12-25 18:43:21,982 - Olivetti - INFO - Performance monitoring and rate limiting initialized
2025-12-25 18:43:21,985 - Olivetti - INFO - Successfully loaded from primary autosave: autosave/olivetti_state.json
2025-12-25 18:43:21,988 - Olivetti - INFO - Successfully initialized workspace with 0 projects
2025-12-25 18:43:22,274 - Olivetti - INFO - Autosave completed (0 projects, 5 bytes)
2025-12-25 18:54:54,192 - Olivetti - INFO - Performance monitoring and rate limiting initialized
2025-12-25 18:54:54,194 - Olivetti - INFO - Successfully loaded from primary autosave: autosave/olivetti_state.json
2025-12-25 18:54:54,197 - Olivetti - INFO - Successfully initialized workspace with 0 projects
2025-12-25 19:14:32,321 - Olivetti - INFO - Performance monitoring and rate limiting initialized
2025-12-25 19:14:32,324 - Olivetti - INFO - Successfully loaded from primary autosave: autosave/olivetti_state.json
2025-12-25 19:14:32,326 - Olivetti - INFO - Successfully initialized workspace with 0 projects
2025-12-25 19:14:39,138 - Olivetti - INFO - Performance monitoring and rate limiting initialized
2025-12-25 19:14:39,141 - Olivetti - INFO - Successfully loaded from primary autosave: autosave/olivetti_state.json
2025-12-25 19:14:39,143 - Olivetti - INFO - Successfully initialized workspace with 0 projects
2025-12-25 19:59:41,510 - Olivetti - INFO - Performance monitoring and rate limiting initialized
2025-12-25 19:59:41,511 - Olivetti - INFO - Successfully loaded from primary autosave: autosave/olivetti_state.json
2025-12-25 19:59:41,515 - Olivetti - INFO - Successfully initialized workspace with 0 projects
2025-12-25 20:06:04,548 - Olivetti - INFO - Performance monitoring and rate limiting initialized
2025-12-25 20:06:04,550 - Olivetti - INFO - Successfully loaded from primary autosave: autosave/olivetti_state.json
2025-12-25 20:06:04,552 - Olivetti - INFO - Successfully initialized workspace with 0 projects
2025-12-25 20:06:08,987 - Olivetti - INFO - Performance monitoring and rate limiting initialized
2025-12-25 20:06:08,989 - Olivetti - INFO - Successfully loaded from primary autosave: autosave/olivetti_state.json
2025-12-25 20:06:08,990 - Olivetti - INFO - Successfully initialized workspace with 0 projects
2025-12-25 20:06:09,349 - Olivetti - INFO - Autosave completed (0 projects, 5 bytes)
2025-12-25 20:06:25,039 - Olivetti - INFO - Performance monitoring and rate limiting initialized
2025-12-25 20:06:25,041 - Olivetti - INFO - Successfully loaded from primary autosave: autosave/olivetti_state.json
2025-12-25 20:06:25,043 - Olivetti - INFO - Successfully initialized workspace with 0 projects
2025-12-25 20:06:35,895 - Olivetti - INFO - Performance monitoring and rate limiting initialized
2025-12-25 20:06:35,896 - Olivetti - INFO - Successfully loaded from primary autosave: autosave/olivetti_state.json
2025-12-25 20:06:35,897 - Olivetti - INFO - Successfully initialized workspace with 0 projects
2025-12-25 20:23:47,680 - Olivetti - INFO - Performance monitoring and rate limiting initialized
2025-12-25 20:23:47,683 - Olivetti - INFO - Successfully loaded from primary autosave: autosave/olivetti_state.json
2025-12-25 20:23:47,685 - Olivetti - INFO - Successfully initialized workspace with 0 projects
2025-12-25 21:16:12,972 - Olivetti - INFO - ai_gateway.py not found, using inline implementations
2025-12-25 21:16:13,106 - Olivetti - INFO - Performance monitoring and rate limiting initialized
2025-12-25 21:16:13,108 - Olivetti - INFO - Successfully loaded from primary autosave: autosave/olivetti_state.json
2025-12-25 21:16:13,109 - Olivetti - INFO - Successfully initialized workspace with 0 projects
2025-12-25 21:22:05,285 - Olivetti - INFO - Performance monitoring and rate limiting initialized
2025-12-25 21:22:05,286 - Olivetti - INFO - Successfully loaded from primary autosave: autosave/olivetti_state.json
2025-12-25 21:22:05,286 - Olivetti - INFO - Successfully initialized workspace with 0 projects
2025-12-25 21:34:30,375 - Olivetti - INFO - Performance monitoring and rate limiting initialized
2025-12-25 21:34:30,375 - Olivetti - INFO - Successfully loaded from primary autosave: autosave/olivetti_state.json
2025-12-25 21:34:30,376 - Olivetti - INFO - Successfully initialized workspace with 0 projects
2025-12-25 21:41:11,065 - Olivetti - INFO - Performance monitoring and rate limiting initialized
2025-12-25 21:41:11,070 - Olivetti - INFO - Successfully loaded from primary autosave: autosave/olivetti_state.json
2025-12-25 21:41:11,072 - Olivetti - INFO - Successfully initialized workspace with 0 projects
2025-12-25 21:42:00,297 - Olivetti - INFO - Performance monitoring and rate limiting initialized
2025-12-25 21:42:00,298 - Olivetti - INFO - Successfully loaded from primary autosave: autosave/olivetti_state.json
2025-12-25 21:42:00,299 - Olivetti - INFO - Successfully initialized workspace with 0 projects
2025-12-25 21:42:04,487 - Olivetti - INFO - Performance monitoring and rate limiting initialized
2025-12-25 21:42:04,488 - Olivetti - INFO - Successfully loaded from primary autosave: autosave/olivetti_state.json
2025-12-25 21:42:04,489 - Olivetti - INFO - Successfully initialized workspace with 0 projects
2025-12-25 21:42:06,630 - Olivetti - INFO - Performance monitoring and rate limiting initialized
2025-12-25 21:42:06,632 - Olivetti - INFO - Successfully loaded from primary autosave: autosave/olivetti_state.json
2025-12-25 21:42:06,633 - Olivetti - INFO - Successfully initialized workspace with 0 projects
2025-12-25 21:42:15,583 - Olivetti - INFO - Performance monitoring and rate limiting initialized
2025-12-25 21:42:15,584 - Olivetti - INFO - Successfully loaded from primary autosave: autosave/olivetti_state.json
2025-12-25 21:42:15,584 - Olivetti - INFO - Successfully initialized workspace with 0 projects
2025-12-25 21:42:19,106 - Olivetti - INFO - Performance monitoring and rate limiting initialized
2025-12-25 21:42:19,107 - Olivetti - INFO - Successfully loaded from primary autosave: autosave/olivetti_state.json
2025-12-25 21:42:19,108 - Olivetti - INFO - Successfully initialized workspace with 0 projects
2025-12-25 21:42:23,522 - Olivetti - INFO - Performance monitoring and rate limiting initialized
2025-12-25 21:42:23,522 - Olivetti - INFO - Successfully loaded from primary autosave: autosave/olivetti_state.json
2025-12-25 21:42:23,523 - Olivetti - INFO - Successfully initialized workspace with 0 projects
2025-12-25 21:42:25,953 - Olivetti - INFO - Performance monitoring and rate limiting initialized
2025-12-25 21:42:25,954 - Olivetti - INFO - Successfully loaded from primary autosave: autosave/olivetti_state.json
2025-12-25 21:42:25,954 - Olivetti - INFO - Successfully initialized workspace with 0 projects
2025-12-25 21:42:26,065 - Olivetti - INFO - Autosave completed (0 projects, 5 bytes)
2025-12-25 21:42:28,874 - Olivetti - INFO - Performance monitoring and rate limiting initialized
2025-12-25 21:42:28,875 - Olivetti - INFO - Successfully loaded from primary autosave: autosave/olivetti_state.json
2025-12-25 21:42:28,876 - Olivetti - INFO - Successfully initialized workspace with 0 projects
2025-12-25 21:45:42,924 - Olivetti - INFO - Performance monitoring and rate limiting initialized
2025-12-25 21:45:42,927 - Olivetti - INFO - Successfully loaded from primary autosave: autosave/olivetti_state.json
2025-12-25 21:45:42,929 - Olivetti - INFO - Successfully initialized workspace with 0 projects
2025-12-25 21:45:43,109 - Olivetti - INFO - Autosave completed (0 projects, 5 bytes)
2025-12-25 21:50:41,016 - Olivetti - INFO - Performance monitoring and rate limiting initialized
2025-12-25 21:50:41,019 - Olivetti - INFO - Successfully loaded from primary autosave: autosave/olivetti_state.json
2025-12-25 21:50:41,021 - Olivetti - INFO - Successfully initialized workspace with 0 projects
2025-12-25 21:51:24,179 - Olivetti - INFO - Performance monitoring and rate limiting initialized
2025-12-25 21:51:24,182 - Olivetti - INFO - Successfully loaded from primary autosave: autosave/olivetti_state.json
2025-12-25 21:51:24,183 - Olivetti - INFO - Successfully initialized workspace with 0 projects
2025-12-25 21:51:26,977 - Olivetti - INFO - Performance monitoring and rate limiting initialized
2025-12-25 21:51:26,978 - Olivetti - INFO - Successfully loaded from primary autosave: autosave/olivetti_state.json
2025-12-25 21:51:26,980 - Olivetti - INFO - Successfully initialized workspace with 0 projects
2025-12-25 21:51:27,124 - Olivetti - INFO - Autosave completed (0 projects, 5 bytes)
